Arguments: 
  /usr/local/Cellar/node/8.8.0/bin/node /usr/local/bin/yarn link

PATH: 
  /usr/local/bin:/bin:/sbin:/usr/bin:/usr/sbin:/usr/libexec

Yarn version: 
  1.2.1

Node version: 
  8.8.0

Platform: 
  darwin x64

npm manifest: 
  {
    "dependencies": {
      "commander": "^2.11.0"
    },
    "name": "jar_scanner_filesystem",
    "version": "1.0.0",
    "main": "main.js",
    "author": "Antoine Arlaud",
    "license": "MIT",
    "preferGlobal": true,
    "bin": "./main.js",
  }

yarn manifest: 
  No manifest

Lockfile: 
  # THIS IS AN AUTOGENERATED FILE. DO NOT EDIT THIS FILE DIRECTLY.
  # yarn lockfile v1
  
  
  commander@^2.11.0:
    version "2.11.0"
    resolved "https://registry.yarnpkg.com/commander/-/commander-2.11.0.tgz#157152fd1e7a6c8d98a5b715cf376df928004563"

Trace: 
  SyntaxError: /Users/antoine/Documents/dev/Snyk/jar_scanner_filesystem/package.json: Unexpected token } in JSON at position 229
      at JSON.parse (<anonymous>)
      at /usr/local/lib/node_modules/yarn/lib/cli.js:770:59
      at Generator.next (<anonymous>)
      at step (/usr/local/lib/node_modules/yarn/lib/cli.js:92:30)
      at /usr/local/lib/node_modules/yarn/lib/cli.js:103:13
      at <anonymous>
